<?xml version="1.0" encoding="UTF-8"?>
<!-- Generated by org.testng.reporters.JUnitReportReporter -->
<testsuite skipped="0" hostname="DESKTOP-P891T9V" name="seleniumBasics.SampleTestUsingTestNG" tests="1" failures="0" timestamp="08 Mar 2021 08:51:23 GMT" time="19.496" errors="0">
  <testcase name="FacebookSignUp" time="19.496" classname="seleniumBasics.SampleTestUsingTestNG"/>
</testsuite> <!-- seleniumBasics.SampleTestUsingTestNG -->
