<?xml version="1.0" encoding="UTF-8"?>
<!-- Generated by org.testng.reporters.JUnitReportReporter -->
<testsuite skipped="0" hostname="DESKTOP-P891T9V" name="seleniumBasics.SampleTestUsingTestNG" tests="1" failures="0" timestamp="06 Mar 2021 12:53:20 GMT" time="18.578" errors="0">
  <testcase name="FacebookSignUp" time="18.578" classname="seleniumBasics.SampleTestUsingTestNG"/>
</testsuite> <!-- seleniumBasics.SampleTestUsingTestNG -->
